<?xml version="1.0" encoding="UTF-8"?>
<testng-results ignored="0" total="1" passed="1" failed="0" skipped="0">
  <reporter-output>
  </reporter-output>
  <suite started-at="2022-06-23T15:35:00 IST" name="Default suite" finished-at="2022-06-23T15:35:00 IST" duration-ms="147">
    <groups>
    </groups>
    <test started-at="2022-06-23T15:35:00 IST" name="Default test" finished-at="2022-06-23T15:35:00 IST" duration-ms="147">
      <class name="TestNGPackage.AssertionsProgram">
        <test-method signature="demo()[pri:0, instance:TestNGPackage.AssertionsProgram@3246fb96]" started-at="2022-06-23T15:35:00 IST" name="demo" finished-at="2022-06-23T15:35:00 IST" duration-ms="24" status="PASS">
          <reporter-output>
          </reporter-output>
        </test-method> <!-- demo -->
      </class> <!-- TestNGPackage.AssertionsProgram -->
    </test> <!-- Default test -->
  </suite> <!-- Default suite -->
</testng-results>
